{"/home/onlywillian/Documentos/borges car/dealership-backend/src/app.ts": {"path":"/home/onlywillian/Documentos/borges car/dealership-backend/src/app.ts","statementMap":{"0":{"start":{"line":11,"column":12},"end":{"line":11,"column":21}},"1":{"start":{"line":13,"column":0},"end":{"line":13,"column":41}},"2":{"start":{"line":14,"column":0},"end":{"line":14,"column":63}},"3":{"start":{"line":15,"column":0},"end":{"line":15,"column":16}},"4":{"start":{"line":18,"column":0},"end":{"line":18,"column":21}},"5":{"start":{"line":19,"column":0},"end":{"line":19,"column":20}},"6":{"start":{"line":20,"column":0},"end":{"line":20,"column":20}},"7":{"start":{"line":21,"column":0},"end":{"line":21,"column":26}},"8":{"start":{"line":23,"column":0},"end":{"line":23,"column":19}},"9":{"start":{"line":24,"column":0},"end":{"line":24,"column":27}}},"fnMap":{},"branchMap":{},"s":{"0":1,"1":1,"2":1,"3":1,"4":1,"5":1,"6":1,"7":1,"8":1,"9":1},"f":{},"b":{},"_coverageSchema":"1a1c01bbd47fc00a2c39e90264f33305004495a9","hash":"95e74ff88922580e97cc7324a548419d23bdbf02"}
,"/home/onlywillian/Documentos/borges car/dealership-backend/src/auth/administratorAuth.ts": {"path":"/home/onlywillian/Documentos/borges car/dealership-backend/src/auth/administratorAuth.ts","statementMap":{"0":{"start":{"line":6,"column":15},"end":{"line":6,"column":33}},"1":{"start":{"line":8,"column":15},"end":{"line":8,"column":23}},"2":{"start":{"line":11,"column":19},"end":{"line":11,"column":45}},"3":{"start":{"line":13,"column":0},"end":{"line":47,"column":3}},"4":{"start":{"line":14,"column":30},"end":{"line":14,"column":38}},"5":{"start":{"line":16,"column":14},"end":{"line":20,"column":4}},"6":{"start":{"line":22,"column":2},"end":{"line":22,"column":68}},"7":{"start":{"line":22,"column":12},"end":{"line":22,"column":68}},"8":{"start":{"line":25,"column":26},"end":{"line":25,"column":70}},"9":{"start":{"line":27,"column":2},"end":{"line":28,"column":61}},"10":{"start":{"line":28,"column":4},"end":{"line":28,"column":61}},"11":{"start":{"line":31,"column":16},"end":{"line":42,"column":3}},"12":{"start":{"line":44,"column":2},"end":{"line":46,"column":17}},"13":{"start":{"line":49,"column":0},"end":{"line":93,"column":3}},"14":{"start":{"line":50,"column":36},"end":{"line":50,"column":44}},"15":{"start":{"line":53,"column":14},"end":{"line":57,"column":4}},"16":{"start":{"line":59,"column":2},"end":{"line":59,"column":72}},"17":{"start":{"line":59,"column":11},"end":{"line":59,"column":72}},"18":{"start":{"line":62,"column":15},"end":{"line":62,"column":39}},"19":{"start":{"line":63,"column":23},"end":{"line":63,"column":56}},"20":{"start":{"line":66,"column":22},"end":{"line":72,"column":4}},"21":{"start":{"line":74,"column":2},"end":{"line":74,"column":79}},"22":{"start":{"line":74,"column":15},"end":{"line":74,"column":79}},"23":{"start":{"line":77,"column":16},"end":{"line":85,"column":3}},"24":{"start":{"line":87,"column":2},"end":{"line":92,"column":17}}},"fnMap":{"0":{"name":"(anonymous_0)","decl":{"start":{"line":13,"column":31},"end":{"line":13,"column":32}},"loc":{"start":{"line":13,"column":70},"end":{"line":47,"column":1}},"line":13},"1":{"name":"(anonymous_1)","decl":{"start":{"line":49,"column":34},"end":{"line":49,"column":35}},"loc":{"start":{"line":49,"column":73},"end":{"line":93,"column":1}},"line":49}},"branchMap":{"0":{"loc":{"start":{"line":22,"column":2},"end":{"line":22,"column":68}},"type":"if","locations":[{"start":{"line":22,"column":2},"end":{"line":22,"column":68}},{"start":{},"end":{}}],"line":22},"1":{"loc":{"start":{"line":27,"column":2},"end":{"line":28,"column":61}},"type":"if","locations":[{"start":{"line":27,"column":2},"end":{"line":28,"column":61}},{"start":{},"end":{}}],"line":27},"2":{"loc":{"start":{"line":59,"column":2},"end":{"line":59,"column":72}},"type":"if","locations":[{"start":{"line":59,"column":2},"end":{"line":59,"column":72}},{"start":{},"end":{}}],"line":59},"3":{"loc":{"start":{"line":74,"column":2},"end":{"line":74,"column":79}},"type":"if","locations":[{"start":{"line":74,"column":2},"end":{"line":74,"column":79}},{"start":{},"end":{}}],"line":74}},"s":{"0":1,"1":1,"2":1,"3":1,"4":0,"5":0,"6":0,"7":0,"8":0,"9":0,"10":0,"11":0,"12":0,"13":1,"14":0,"15":0,"16":0,"17":0,"18":0,"19":0,"20":0,"21":0,"22":0,"23":0,"24":0},"f":{"0":0,"1":0},"b":{"0":[0,0],"1":[0,0],"2":[0,0],"3":[0,0]},"_coverageSchema":"1a1c01bbd47fc00a2c39e90264f33305004495a9","hash":"e60800c3fe5ac082b3171952ca706d7c1c3f6c19"}
,"/home/onlywillian/Documentos/borges car/dealership-backend/src/auth/usersAuth.ts": {"path":"/home/onlywillian/Documentos/borges car/dealership-backend/src/auth/usersAuth.ts","statementMap":{"0":{"start":{"line":6,"column":15},"end":{"line":6,"column":33}},"1":{"start":{"line":8,"column":15},"end":{"line":8,"column":23}},"2":{"start":{"line":11,"column":19},"end":{"line":11,"column":45}},"3":{"start":{"line":13,"column":0},"end":{"line":45,"column":3}},"4":{"start":{"line":14,"column":30},"end":{"line":14,"column":38}},"5":{"start":{"line":16,"column":15},"end":{"line":20,"column":4}},"6":{"start":{"line":22,"column":2},"end":{"line":22,"column":70}},"7":{"start":{"line":22,"column":13},"end":{"line":22,"column":70}},"8":{"start":{"line":25,"column":26},"end":{"line":25,"column":71}},"9":{"start":{"line":27,"column":2},"end":{"line":28,"column":61}},"10":{"start":{"line":28,"column":4},"end":{"line":28,"column":61}},"11":{"start":{"line":31,"column":16},"end":{"line":40,"column":3}},"12":{"start":{"line":42,"column":2},"end":{"line":44,"column":17}},"13":{"start":{"line":47,"column":0},"end":{"line":91,"column":3}},"14":{"start":{"line":48,"column":36},"end":{"line":48,"column":44}},"15":{"start":{"line":51,"column":15},"end":{"line":55,"column":4}},"16":{"start":{"line":57,"column":2},"end":{"line":57,"column":74}},"17":{"start":{"line":57,"column":12},"end":{"line":57,"column":74}},"18":{"start":{"line":60,"column":15},"end":{"line":60,"column":39}},"19":{"start":{"line":61,"column":23},"end":{"line":61,"column":56}},"20":{"start":{"line":64,"column":23},"end":{"line":70,"column":4}},"21":{"start":{"line":72,"column":2},"end":{"line":72,"column":80}},"22":{"start":{"line":72,"column":16},"end":{"line":72,"column":80}},"23":{"start":{"line":75,"column":16},"end":{"line":83,"column":3}},"24":{"start":{"line":85,"column":2},"end":{"line":90,"column":17}}},"fnMap":{"0":{"name":"(anonymous_0)","decl":{"start":{"line":13,"column":27},"end":{"line":13,"column":28}},"loc":{"start":{"line":13,"column":66},"end":{"line":45,"column":1}},"line":13},"1":{"name":"(anonymous_1)","decl":{"start":{"line":47,"column":30},"end":{"line":47,"column":31}},"loc":{"start":{"line":47,"column":69},"end":{"line":91,"column":1}},"line":47}},"branchMap":{"0":{"loc":{"start":{"line":22,"column":2},"end":{"line":22,"column":70}},"type":"if","locations":[{"start":{"line":22,"column":2},"end":{"line":22,"column":70}},{"start":{},"end":{}}],"line":22},"1":{"loc":{"start":{"line":27,"column":2},"end":{"line":28,"column":61}},"type":"if","locations":[{"start":{"line":27,"column":2},"end":{"line":28,"column":61}},{"start":{},"end":{}}],"line":27},"2":{"loc":{"start":{"line":57,"column":2},"end":{"line":57,"column":74}},"type":"if","locations":[{"start":{"line":57,"column":2},"end":{"line":57,"column":74}},{"start":{},"end":{}}],"line":57},"3":{"loc":{"start":{"line":72,"column":2},"end":{"line":72,"column":80}},"type":"if","locations":[{"start":{"line":72,"column":2},"end":{"line":72,"column":80}},{"start":{},"end":{}}],"line":72}},"s":{"0":1,"1":1,"2":1,"3":1,"4":0,"5":0,"6":0,"7":0,"8":0,"9":0,"10":0,"11":0,"12":0,"13":1,"14":0,"15":0,"16":0,"17":0,"18":0,"19":0,"20":0,"21":0,"22":0,"23":0,"24":0},"f":{"0":0,"1":0},"b":{"0":[0,0],"1":[0,0],"2":[0,0],"3":[0,0]},"_coverageSchema":"1a1c01bbd47fc00a2c39e90264f33305004495a9","hash":"5be91fb314dd28782314b53b406bf9093360b262"}
,"/home/onlywillian/Documentos/borges car/dealership-backend/src/drive/createDriveFiles.ts": {"path":"/home/onlywillian/Documentos/borges car/dealership-backend/src/drive/createDriveFiles.ts","statementMap":{"0":{"start":{"line":4,"column":31},"end":{"line":4,"column":66}},"1":{"start":{"line":13,"column":2},"end":{"line":56,"column":5}},"2":{"start":{"line":14,"column":4},"end":{"line":55,"column":6}},"3":{"start":{"line":24,"column":8},"end":{"line":28,"column":9}},"4":{"start":{"line":25,"column":10},"end":{"line":25,"column":38}},"5":{"start":{"line":26,"column":10},"end":{"line":26,"column":22}},"6":{"start":{"line":27,"column":10},"end":{"line":27,"column":17}},"7":{"start":{"line":30,"column":26},"end":{"line":51,"column":9}},"8":{"start":{"line":32,"column":33},"end":{"line":32,"column":50}},"9":{"start":{"line":33,"column":12},"end":{"line":33,"column":46}},"10":{"start":{"line":36,"column":30},"end":{"line":47,"column":14}},"11":{"start":{"line":49,"column":12},"end":{"line":49,"column":32}},"12":{"start":{"line":53,"column":8},"end":{"line":53,"column":27}}},"fnMap":{"0":{"name":"uploadNewImage","decl":{"start":{"line":12,"column":15},"end":{"line":12,"column":29}},"loc":{"start":{"line":12,"column":75},"end":{"line":57,"column":1}},"line":12},"1":{"name":"(anonymous_1)","decl":{"start":{"line":13,"column":31},"end":{"line":13,"column":32}},"loc":{"start":{"line":13,"column":52},"end":{"line":56,"column":3}},"line":13},"2":{"name":"(anonymous_2)","decl":{"start":{"line":23,"column":6},"end":{"line":23,"column":7}},"loc":{"start":{"line":23,"column":29},"end":{"line":54,"column":7}},"line":23},"3":{"name":"(anonymous_3)","decl":{"start":{"line":31,"column":20},"end":{"line":31,"column":21}},"loc":{"start":{"line":31,"column":40},"end":{"line":50,"column":11}},"line":31}},"branchMap":{"0":{"loc":{"start":{"line":24,"column":8},"end":{"line":28,"column":9}},"type":"if","locations":[{"start":{"line":24,"column":8},"end":{"line":28,"column":9}},{"start":{},"end":{}}],"line":24}},"s":{"0":1,"1":0,"2":0,"3":0,"4":0,"5":0,"6":0,"7":0,"8":0,"9":0,"10":0,"11":0,"12":0},"f":{"0":0,"1":0,"2":0,"3":0},"b":{"0":[0,0]},"_coverageSchema":"1a1c01bbd47fc00a2c39e90264f33305004495a9","hash":"39757953b147cfe92ee41f20c8871f2b21e4457d"}
,"/home/onlywillian/Documentos/borges car/dealership-backend/src/drive/driveAuth.ts": {"path":"/home/onlywillian/Documentos/borges car/dealership-backend/src/drive/driveAuth.ts","statementMap":{"0":{"start":{"line":6,"column":13},"end":{"line":9,"column":2}},"1":{"start":{"line":11,"column":14},"end":{"line":14,"column":2}}},"fnMap":{},"branchMap":{},"s":{"0":1,"1":1},"f":{},"b":{},"_coverageSchema":"1a1c01bbd47fc00a2c39e90264f33305004495a9","hash":"882fc0d37158db513dec5cee222a791626379e0e"}
,"/home/onlywillian/Documentos/borges car/dealership-backend/src/drive/listDriveFolders.ts": {"path":"/home/onlywillian/Documentos/borges car/dealership-backend/src/drive/listDriveFolders.ts","statementMap":{"0":{"start":{"line":3,"column":31},"end":{"line":3,"column":66}},"1":{"start":{"line":6,"column":2},"end":{"line":21,"column":3}},"2":{"start":{"line":7,"column":29},"end":{"line":9,"column":6}},"3":{"start":{"line":11,"column":18},"end":{"line":11,"column":45}},"4":{"start":{"line":13,"column":4},"end":{"line":16,"column":5}},"5":{"start":{"line":14,"column":6},"end":{"line":14,"column":37}},"6":{"start":{"line":15,"column":6},"end":{"line":15,"column":13}},"7":{"start":{"line":18,"column":4},"end":{"line":18,"column":17}},"8":{"start":{"line":20,"column":4},"end":{"line":20,"column":23}}},"fnMap":{"0":{"name":"getAllFolders","decl":{"start":{"line":5,"column":30},"end":{"line":5,"column":43}},"loc":{"start":{"line":5,"column":46},"end":{"line":22,"column":1}},"line":5}},"branchMap":{"0":{"loc":{"start":{"line":13,"column":4},"end":{"line":16,"column":5}},"type":"if","locations":[{"start":{"line":13,"column":4},"end":{"line":16,"column":5}},{"start":{},"end":{}}],"line":13}},"s":{"0":1,"1":0,"2":0,"3":0,"4":0,"5":0,"6":0,"7":0,"8":0},"f":{"0":0},"b":{"0":[0,0]},"_coverageSchema":"1a1c01bbd47fc00a2c39e90264f33305004495a9","hash":"e8ba0676cde73fc3dded089efa4c9229e86b7052"}
,"/home/onlywillian/Documentos/borges car/dealership-backend/src/drive/updateDriveFolder.ts": {"path":"/home/onlywillian/Documentos/borges car/dealership-backend/src/drive/updateDriveFolder.ts","statementMap":{"0":{"start":{"line":6,"column":2},"end":{"line":19,"column":3}},"1":{"start":{"line":7,"column":21},"end":{"line":12,"column":6}},"2":{"start":{"line":14,"column":4},"end":{"line":16,"column":6}},"3":{"start":{"line":18,"column":4},"end":{"line":18,"column":59}},"4":{"start":{"line":26,"column":16},"end":{"line":26,"column":37}},"5":{"start":{"line":28,"column":25},"end":{"line":30,"column":3}},"6":{"start":{"line":29,"column":27},"end":{"line":29,"column":64}},"7":{"start":{"line":32,"column":2},"end":{"line":34,"column":3}},"8":{"start":{"line":33,"column":4},"end":{"line":33,"column":74}},"9":{"start":{"line":36,"column":2},"end":{"line":36,"column":49}}},"fnMap":{"0":{"name":"renameFolder","decl":{"start":{"line":5,"column":15},"end":{"line":5,"column":27}},"loc":{"start":{"line":5,"column":63},"end":{"line":20,"column":1}},"line":5},"1":{"name":"updateFolder","decl":{"start":{"line":22,"column":30},"end":{"line":22,"column":42}},"loc":{"start":{"line":25,"column":2},"end":{"line":37,"column":1}},"line":25},"2":{"name":"(anonymous_2)","decl":{"start":{"line":29,"column":4},"end":{"line":29,"column":5}},"loc":{"start":{"line":29,"column":27},"end":{"line":29,"column":64}},"line":29}},"branchMap":{"0":{"loc":{"start":{"line":32,"column":2},"end":{"line":34,"column":3}},"type":"if","locations":[{"start":{"line":32,"column":2},"end":{"line":34,"column":3}},{"start":{},"end":{}}],"line":32}},"s":{"0":0,"1":0,"2":0,"3":0,"4":0,"5":0,"6":0,"7":0,"8":0,"9":0},"f":{"0":0,"1":0,"2":0},"b":{"0":[0,0]},"_coverageSchema":"1a1c01bbd47fc00a2c39e90264f33305004495a9","hash":"88592aafe95592b62d6f7ae761c4fa18ca8c2bcb"}
,"/home/onlywillian/Documentos/borges car/dealership-backend/src/drive/updateDriveImages.ts": {"path":"/home/onlywillian/Documentos/borges car/dealership-backend/src/drive/updateDriveImages.ts","statementMap":{"0":{"start":{"line":10,"column":24},"end":{"line":10,"column":45}},"1":{"start":{"line":12,"column":25},"end":{"line":14,"column":3}},"2":{"start":{"line":13,"column":27},"end":{"line":13,"column":61}},"3":{"start":{"line":16,"column":2},"end":{"line":39,"column":3}},"4":{"start":{"line":17,"column":16},"end":{"line":20,"column":6}},"5":{"start":{"line":22,"column":19},"end":{"line":22,"column":33}},"6":{"start":{"line":24,"column":4},"end":{"line":36,"column":5}},"7":{"start":{"line":24,"column":21},"end":{"line":24,"column":22}},"8":{"start":{"line":25,"column":20},"end":{"line":25,"column":34}},"9":{"start":{"line":26,"column":27},"end":{"line":26,"column":44}},"10":{"start":{"line":27,"column":6},"end":{"line":27,"column":51}},"11":{"start":{"line":29,"column":6},"end":{"line":35,"column":9}},"12":{"start":{"line":38,"column":4},"end":{"line":38,"column":53}}},"fnMap":{"0":{"name":"updateDriveImages","decl":{"start":{"line":6,"column":30},"end":{"line":6,"column":47}},"loc":{"start":{"line":9,"column":2},"end":{"line":40,"column":1}},"line":9},"1":{"name":"(anonymous_1)","decl":{"start":{"line":13,"column":4},"end":{"line":13,"column":5}},"loc":{"start":{"line":13,"column":27},"end":{"line":13,"column":61}},"line":13}},"branchMap":{},"s":{"0":0,"1":0,"2":0,"3":0,"4":0,"5":0,"6":0,"7":0,"8":0,"9":0,"10":0,"11":0,"12":0},"f":{"0":0,"1":0},"b":{},"_coverageSchema":"1a1c01bbd47fc00a2c39e90264f33305004495a9","hash":"a9e409dc3ef9d90e8a98cd1712d6a52686a6ffe9"}
,"/home/onlywillian/Documentos/borges car/dealership-backend/src/routes/administrator.ts": {"path":"/home/onlywillian/Documentos/borges car/dealership-backend/src/routes/administrator.ts","statementMap":{"0":{"start":{"line":4,"column":15},"end":{"line":4,"column":23}},"1":{"start":{"line":5,"column":15},"end":{"line":5,"column":33}},"2":{"start":{"line":7,"column":0},"end":{"line":23,"column":3}},"3":{"start":{"line":8,"column":14},"end":{"line":12,"column":4}},"4":{"start":{"line":14,"column":2},"end":{"line":14,"column":77}},"5":{"start":{"line":14,"column":11},"end":{"line":14,"column":77}},"6":{"start":{"line":16,"column":17},"end":{"line":18,"column":4}},"7":{"start":{"line":20,"column":2},"end":{"line":20,"column":87}},"8":{"start":{"line":20,"column":15},"end":{"line":20,"column":87}},"9":{"start":{"line":22,"column":2},"end":{"line":22,"column":47}}},"fnMap":{"0":{"name":"(anonymous_0)","decl":{"start":{"line":7,"column":25},"end":{"line":7,"column":26}},"loc":{"start":{"line":7,"column":64},"end":{"line":23,"column":1}},"line":7}},"branchMap":{"0":{"loc":{"start":{"line":14,"column":2},"end":{"line":14,"column":77}},"type":"if","locations":[{"start":{"line":14,"column":2},"end":{"line":14,"column":77}},{"start":{},"end":{}}],"line":14},"1":{"loc":{"start":{"line":20,"column":2},"end":{"line":20,"column":87}},"type":"if","locations":[{"start":{"line":20,"column":2},"end":{"line":20,"column":87}},{"start":{},"end":{}}],"line":20}},"s":{"0":1,"1":1,"2":1,"3":0,"4":0,"5":0,"6":0,"7":0,"8":0,"9":0},"f":{"0":0},"b":{"0":[0,0],"1":[0,0]},"_coverageSchema":"1a1c01bbd47fc00a2c39e90264f33305004495a9","hash":"abd013f13e8f572316a7c438b736b461a87f2471"}
,"/home/onlywillian/Documentos/borges car/dealership-backend/src/routes/cars.ts": {"path":"/home/onlywillian/Documentos/borges car/dealership-backend/src/routes/cars.ts","statementMap":{"0":{"start":{"line":9,"column":15},"end":{"line":9,"column":33}},"1":{"start":{"line":10,"column":15},"end":{"line":10,"column":23}},"2":{"start":{"line":11,"column":15},"end":{"line":11,"column":23}},"3":{"start":{"line":13,"column":0},"end":{"line":20,"column":3}},"4":{"start":{"line":14,"column":15},"end":{"line":14,"column":42}},"5":{"start":{"line":16,"column":2},"end":{"line":17,"column":71}},"6":{"start":{"line":17,"column":4},"end":{"line":17,"column":71}},"7":{"start":{"line":19,"column":2},"end":{"line":19,"column":46}},"8":{"start":{"line":22,"column":0},"end":{"line":35,"column":3}},"9":{"start":{"line":23,"column":2},"end":{"line":24,"column":63}},"10":{"start":{"line":24,"column":4},"end":{"line":24,"column":63}},"11":{"start":{"line":26,"column":14},"end":{"line":30,"column":4}},"12":{"start":{"line":32,"column":2},"end":{"line":32,"column":71}},"13":{"start":{"line":32,"column":12},"end":{"line":32,"column":71}},"14":{"start":{"line":34,"column":2},"end":{"line":34,"column":44}},"15":{"start":{"line":37,"column":0},"end":{"line":78,"column":3}},"16":{"start":{"line":38,"column":52},"end":{"line":38,"column":60}},"17":{"start":{"line":40,"column":14},"end":{"line":44,"column":4}},"18":{"start":{"line":46,"column":2},"end":{"line":46,"column":75}},"19":{"start":{"line":46,"column":11},"end":{"line":46,"column":75}},"20":{"start":{"line":48,"column":21},"end":{"line":48,"column":30}},"21":{"start":{"line":52,"column":31},"end":{"line":57,"column":4}},"22":{"start":{"line":59,"column":21},"end":{"line":61,"column":3}},"23":{"start":{"line":60,"column":12},"end":{"line":60,"column":62}},"24":{"start":{"line":63,"column":17},"end":{"line":73,"column":4}},"25":{"start":{"line":75,"column":2},"end":{"line":75,"column":74}},"26":{"start":{"line":75,"column":15},"end":{"line":75,"column":74}},"27":{"start":{"line":77,"column":2},"end":{"line":77,"column":50}},"28":{"start":{"line":80,"column":0},"end":{"line":113,"column":3}},"29":{"start":{"line":81,"column":56},"end":{"line":81,"column":64}},"30":{"start":{"line":83,"column":17},"end":{"line":87,"column":4}},"31":{"start":{"line":89,"column":2},"end":{"line":90,"column":73}},"32":{"start":{"line":90,"column":4},"end":{"line":90,"column":73}},"33":{"start":{"line":92,"column":2},"end":{"line":94,"column":3}},"34":{"start":{"line":93,"column":4},"end":{"line":93,"column":36}},"35":{"start":{"line":96,"column":21},"end":{"line":107,"column":4}},"36":{"start":{"line":109,"column":2},"end":{"line":110,"column":66}},"37":{"start":{"line":110,"column":4},"end":{"line":110,"column":66}},"38":{"start":{"line":112,"column":2},"end":{"line":112,"column":51}},"39":{"start":{"line":115,"column":0},"end":{"line":125,"column":2}},"40":{"start":{"line":119,"column":24},"end":{"line":119,"column":32}},"41":{"start":{"line":121,"column":4},"end":{"line":121,"column":42}},"42":{"start":{"line":123,"column":4},"end":{"line":123,"column":48}},"43":{"start":{"line":127,"column":0},"end":{"line":142,"column":3}},"44":{"start":{"line":128,"column":17},"end":{"line":128,"column":25}},"45":{"start":{"line":130,"column":2},"end":{"line":130,"column":70}},"46":{"start":{"line":130,"column":11},"end":{"line":130,"column":70}},"47":{"start":{"line":132,"column":21},"end":{"line":136,"column":4}},"48":{"start":{"line":138,"column":2},"end":{"line":139,"column":80}},"49":{"start":{"line":139,"column":4},"end":{"line":139,"column":80}},"50":{"start":{"line":141,"column":2},"end":{"line":141,"column":72}}},"fnMap":{"0":{"name":"(anonymous_0)","decl":{"start":{"line":13,"column":24},"end":{"line":13,"column":25}},"loc":{"start":{"line":13,"column":63},"end":{"line":20,"column":1}},"line":13},"1":{"name":"(anonymous_1)","decl":{"start":{"line":22,"column":24},"end":{"line":22,"column":25}},"loc":{"start":{"line":22,"column":63},"end":{"line":35,"column":1}},"line":22},"2":{"name":"(anonymous_2)","decl":{"start":{"line":37,"column":39},"end":{"line":37,"column":40}},"loc":{"start":{"line":37,"column":78},"end":{"line":78,"column":1}},"line":37},"3":{"name":"(anonymous_3)","decl":{"start":{"line":60,"column":4},"end":{"line":60,"column":5}},"loc":{"start":{"line":60,"column":12},"end":{"line":60,"column":62}},"line":60},"4":{"name":"(anonymous_4)","decl":{"start":{"line":80,"column":27},"end":{"line":80,"column":28}},"loc":{"start":{"line":80,"column":66},"end":{"line":113,"column":1}},"line":80},"5":{"name":"(anonymous_5)","decl":{"start":{"line":118,"column":2},"end":{"line":118,"column":3}},"loc":{"start":{"line":118,"column":35},"end":{"line":124,"column":3}},"line":118},"6":{"name":"(anonymous_6)","decl":{"start":{"line":127,"column":30},"end":{"line":127,"column":31}},"loc":{"start":{"line":127,"column":69},"end":{"line":142,"column":1}},"line":127}},"branchMap":{"0":{"loc":{"start":{"line":16,"column":2},"end":{"line":17,"column":71}},"type":"if","locations":[{"start":{"line":16,"column":2},"end":{"line":17,"column":71}},{"start":{},"end":{}}],"line":16},"1":{"loc":{"start":{"line":23,"column":2},"end":{"line":24,"column":63}},"type":"if","locations":[{"start":{"line":23,"column":2},"end":{"line":24,"column":63}},{"start":{},"end":{}}],"line":23},"2":{"loc":{"start":{"line":32,"column":2},"end":{"line":32,"column":71}},"type":"if","locations":[{"start":{"line":32,"column":2},"end":{"line":32,"column":71}},{"start":{},"end":{}}],"line":32},"3":{"loc":{"start":{"line":46,"column":2},"end":{"line":46,"column":75}},"type":"if","locations":[{"start":{"line":46,"column":2},"end":{"line":46,"column":75}},{"start":{},"end":{}}],"line":46},"4":{"loc":{"start":{"line":75,"column":2},"end":{"line":75,"column":74}},"type":"if","locations":[{"start":{"line":75,"column":2},"end":{"line":75,"column":74}},{"start":{},"end":{}}],"line":75},"5":{"loc":{"start":{"line":89,"column":2},"end":{"line":90,"column":73}},"type":"if","locations":[{"start":{"line":89,"column":2},"end":{"line":90,"column":73}},{"start":{},"end":{}}],"line":89},"6":{"loc":{"start":{"line":92,"column":2},"end":{"line":94,"column":3}},"type":"if","locations":[{"start":{"line":92,"column":2},"end":{"line":94,"column":3}},{"start":{},"end":{}}],"line":92},"7":{"loc":{"start":{"line":109,"column":2},"end":{"line":110,"column":66}},"type":"if","locations":[{"start":{"line":109,"column":2},"end":{"line":110,"column":66}},{"start":{},"end":{}}],"line":109},"8":{"loc":{"start":{"line":130,"column":2},"end":{"line":130,"column":70}},"type":"if","locations":[{"start":{"line":130,"column":2},"end":{"line":130,"column":70}},{"start":{},"end":{}}],"line":130},"9":{"loc":{"start":{"line":138,"column":2},"end":{"line":139,"column":80}},"type":"if","locations":[{"start":{"line":138,"column":2},"end":{"line":139,"column":80}},{"start":{},"end":{}}],"line":138}},"s":{"0":1,"1":1,"2":1,"3":1,"4":0,"5":0,"6":0,"7":0,"8":1,"9":0,"10":0,"11":0,"12":0,"13":0,"14":0,"15":1,"16":0,"17":0,"18":0,"19":0,"20":0,"21":0,"22":0,"23":0,"24":0,"25":0,"26":0,"27":0,"28":1,"29":0,"30":0,"31":0,"32":0,"33":0,"34":0,"35":0,"36":0,"37":0,"38":0,"39":1,"40":0,"41":0,"42":0,"43":1,"44":0,"45":0,"46":0,"47":0,"48":0,"49":0,"50":0},"f":{"0":0,"1":0,"2":0,"3":0,"4":0,"5":0,"6":0},"b":{"0":[0,0],"1":[0,0],"2":[0,0],"3":[0,0],"4":[0,0],"5":[0,0],"6":[0,0],"7":[0,0],"8":[0,0],"9":[0,0]},"_coverageSchema":"1a1c01bbd47fc00a2c39e90264f33305004495a9","hash":"b7b1b26a551f1c9f1b91a83e7ff359ec00d202dd"}
,"/home/onlywillian/Documentos/borges car/dealership-backend/src/routes/scheduling.ts": {"path":"/home/onlywillian/Documentos/borges car/dealership-backend/src/routes/scheduling.ts","statementMap":{"0":{"start":{"line":4,"column":15},"end":{"line":4,"column":23}},"1":{"start":{"line":5,"column":15},"end":{"line":5,"column":33}},"2":{"start":{"line":7,"column":0},"end":{"line":14,"column":3}},"3":{"start":{"line":8,"column":20},"end":{"line":8,"column":53}},"4":{"start":{"line":10,"column":2},"end":{"line":11,"column":69}},"5":{"start":{"line":11,"column":4},"end":{"line":11,"column":69}},"6":{"start":{"line":13,"column":2},"end":{"line":13,"column":57}},"7":{"start":{"line":16,"column":0},"end":{"line":34,"column":3}},"8":{"start":{"line":17,"column":24},"end":{"line":22,"column":4}},"9":{"start":{"line":24,"column":2},"end":{"line":24,"column":97}},"10":{"start":{"line":24,"column":21},"end":{"line":24,"column":97}},"11":{"start":{"line":26,"column":24},"end":{"line":28,"column":4}},"12":{"start":{"line":30,"column":2},"end":{"line":31,"column":74}},"13":{"start":{"line":31,"column":4},"end":{"line":31,"column":74}},"14":{"start":{"line":33,"column":2},"end":{"line":33,"column":61}},"15":{"start":{"line":36,"column":0},"end":{"line":57,"column":3}},"16":{"start":{"line":37,"column":33},"end":{"line":37,"column":41}},"17":{"start":{"line":39,"column":21},"end":{"line":44,"column":4}},"18":{"start":{"line":46,"column":2},"end":{"line":46,"column":89}},"19":{"start":{"line":46,"column":19},"end":{"line":46,"column":89}},"20":{"start":{"line":48,"column":28},"end":{"line":52,"column":4}},"21":{"start":{"line":54,"column":2},"end":{"line":54,"column":87}},"22":{"start":{"line":54,"column":26},"end":{"line":54,"column":87}},"23":{"start":{"line":56,"column":2},"end":{"line":56,"column":80}}},"fnMap":{"0":{"name":"(anonymous_0)","decl":{"start":{"line":7,"column":29},"end":{"line":7,"column":30}},"loc":{"start":{"line":7,"column":68},"end":{"line":14,"column":1}},"line":7},"1":{"name":"(anonymous_1)","decl":{"start":{"line":16,"column":30},"end":{"line":16,"column":31}},"loc":{"start":{"line":16,"column":69},"end":{"line":34,"column":1}},"line":16},"2":{"name":"(anonymous_2)","decl":{"start":{"line":36,"column":35},"end":{"line":36,"column":36}},"loc":{"start":{"line":36,"column":74},"end":{"line":57,"column":1}},"line":36}},"branchMap":{"0":{"loc":{"start":{"line":10,"column":2},"end":{"line":11,"column":69}},"type":"if","locations":[{"start":{"line":10,"column":2},"end":{"line":11,"column":69}},{"start":{},"end":{}}],"line":10},"1":{"loc":{"start":{"line":24,"column":2},"end":{"line":24,"column":97}},"type":"if","locations":[{"start":{"line":24,"column":2},"end":{"line":24,"column":97}},{"start":{},"end":{}}],"line":24},"2":{"loc":{"start":{"line":30,"column":2},"end":{"line":31,"column":74}},"type":"if","locations":[{"start":{"line":30,"column":2},"end":{"line":31,"column":74}},{"start":{},"end":{}}],"line":30},"3":{"loc":{"start":{"line":46,"column":2},"end":{"line":46,"column":89}},"type":"if","locations":[{"start":{"line":46,"column":2},"end":{"line":46,"column":89}},{"start":{},"end":{}}],"line":46},"4":{"loc":{"start":{"line":54,"column":2},"end":{"line":54,"column":87}},"type":"if","locations":[{"start":{"line":54,"column":2},"end":{"line":54,"column":87}},{"start":{},"end":{}}],"line":54}},"s":{"0":1,"1":1,"2":1,"3":0,"4":0,"5":0,"6":0,"7":1,"8":0,"9":0,"10":0,"11":0,"12":0,"13":0,"14":0,"15":1,"16":0,"17":0,"18":0,"19":0,"20":0,"21":0,"22":0,"23":0},"f":{"0":0,"1":0,"2":0},"b":{"0":[0,0],"1":[0,0],"2":[0,0],"3":[0,0],"4":[0,0]},"_coverageSchema":"1a1c01bbd47fc00a2c39e90264f33305004495a9","hash":"d4fe4f6c4c98ffe057657ea2c691ff9054a6cb0c"}
,"/home/onlywillian/Documentos/borges car/dealership-backend/src/routes/users.ts": {"path":"/home/onlywillian/Documentos/borges car/dealership-backend/src/routes/users.ts","statementMap":{"0":{"start":{"line":4,"column":15},"end":{"line":4,"column":23}},"1":{"start":{"line":5,"column":15},"end":{"line":5,"column":33}},"2":{"start":{"line":7,"column":0},"end":{"line":14,"column":3}},"3":{"start":{"line":8,"column":16},"end":{"line":8,"column":44}},"4":{"start":{"line":10,"column":2},"end":{"line":11,"column":72}},"5":{"start":{"line":11,"column":4},"end":{"line":11,"column":72}},"6":{"start":{"line":13,"column":2},"end":{"line":13,"column":37}},"7":{"start":{"line":16,"column":0},"end":{"line":26,"column":3}},"8":{"start":{"line":17,"column":15},"end":{"line":21,"column":4}},"9":{"start":{"line":23,"column":2},"end":{"line":23,"column":78}},"10":{"start":{"line":23,"column":13},"end":{"line":23,"column":78}},"11":{"start":{"line":25,"column":2},"end":{"line":25,"column":36}},"12":{"start":{"line":28,"column":0},"end":{"line":44,"column":3}},"13":{"start":{"line":29,"column":15},"end":{"line":33,"column":4}},"14":{"start":{"line":35,"column":2},"end":{"line":35,"column":80}},"15":{"start":{"line":35,"column":12},"end":{"line":35,"column":80}},"16":{"start":{"line":37,"column":18},"end":{"line":39,"column":4}},"17":{"start":{"line":41,"column":2},"end":{"line":41,"column":80}},"18":{"start":{"line":41,"column":16},"end":{"line":41,"column":80}},"19":{"start":{"line":43,"column":2},"end":{"line":43,"column":49}},"20":{"start":{"line":46,"column":0},"end":{"line":60,"column":3}},"21":{"start":{"line":47,"column":42},"end":{"line":47,"column":50}},"22":{"start":{"line":49,"column":22},"end":{"line":57,"column":4}},"23":{"start":{"line":59,"column":2},"end":{"line":59,"column":43}},"24":{"start":{"line":62,"column":0},"end":{"line":72,"column":3}},"25":{"start":{"line":63,"column":20},"end":{"line":63,"column":28}},"26":{"start":{"line":65,"column":22},"end":{"line":69,"column":4}},"27":{"start":{"line":71,"column":2},"end":{"line":71,"column":60}}},"fnMap":{"0":{"name":"(anonymous_0)","decl":{"start":{"line":7,"column":25},"end":{"line":7,"column":26}},"loc":{"start":{"line":7,"column":64},"end":{"line":14,"column":1}},"line":7},"1":{"name":"(anonymous_1)","decl":{"start":{"line":16,"column":25},"end":{"line":16,"column":26}},"loc":{"start":{"line":16,"column":64},"end":{"line":26,"column":1}},"line":16},"2":{"name":"(anonymous_2)","decl":{"start":{"line":28,"column":26},"end":{"line":28,"column":27}},"loc":{"start":{"line":28,"column":65},"end":{"line":44,"column":1}},"line":28},"3":{"name":"(anonymous_3)","decl":{"start":{"line":46,"column":28},"end":{"line":46,"column":29}},"loc":{"start":{"line":46,"column":67},"end":{"line":60,"column":1}},"line":46},"4":{"name":"(anonymous_4)","decl":{"start":{"line":62,"column":31},"end":{"line":62,"column":32}},"loc":{"start":{"line":62,"column":70},"end":{"line":72,"column":1}},"line":62}},"branchMap":{"0":{"loc":{"start":{"line":10,"column":2},"end":{"line":11,"column":72}},"type":"if","locations":[{"start":{"line":10,"column":2},"end":{"line":11,"column":72}},{"start":{},"end":{}}],"line":10},"1":{"loc":{"start":{"line":23,"column":2},"end":{"line":23,"column":78}},"type":"if","locations":[{"start":{"line":23,"column":2},"end":{"line":23,"column":78}},{"start":{},"end":{}}],"line":23},"2":{"loc":{"start":{"line":35,"column":2},"end":{"line":35,"column":80}},"type":"if","locations":[{"start":{"line":35,"column":2},"end":{"line":35,"column":80}},{"start":{},"end":{}}],"line":35},"3":{"loc":{"start":{"line":41,"column":2},"end":{"line":41,"column":80}},"type":"if","locations":[{"start":{"line":41,"column":2},"end":{"line":41,"column":80}},{"start":{},"end":{}}],"line":41}},"s":{"0":1,"1":1,"2":1,"3":1,"4":1,"5":0,"6":1,"7":1,"8":0,"9":0,"10":0,"11":0,"12":1,"13":0,"14":0,"15":0,"16":0,"17":0,"18":0,"19":0,"20":1,"21":0,"22":0,"23":0,"24":1,"25":0,"26":0,"27":0},"f":{"0":1,"1":0,"2":0,"3":0,"4":0},"b":{"0":[0,1],"1":[0,0],"2":[0,0],"3":[0,0]},"_coverageSchema":"1a1c01bbd47fc00a2c39e90264f33305004495a9","hash":"8eb348b5def5fe8be36d5d03e0951280b59c12e7"}
}
